<?xml version="1.0" encoding="UTF-8"?>
<!-- Generated by org.testng.reporters.JUnitReportReporter -->
<testsuite hostname="Anikets-MacBook-Air.local" failures="0" tests="9" name="runners.RunnerTest" time="827.486" errors="0" timestamp="2025-01-18T20:16:44 IST" skipped="0">
  <testcase classname="runners.RunnerTest" name="runScenario" time="86.407"/>
  <testcase classname="runners.RunnerTest" name="runScenario" time="91.094"/>
  <testcase classname="runners.RunnerTest" name="runScenario" time="63.653"/>
  <testcase classname="runners.RunnerTest" name="runScenario" time="116.377"/>
  <testcase classname="runners.RunnerTest" name="runScenario" time="63.653"/>
  <testcase classname="runners.RunnerTest" name="runScenario" time="105.616"/>
  <testcase classname="runners.RunnerTest" name="runScenario" time="103.333"/>
  <testcase classname="runners.RunnerTest" name="runScenario" time="108.421"/>
  <testcase classname="runners.RunnerTest" name="runScenario" time="88.932"/>
</testsuite> <!-- runners.RunnerTest -->
