<?xml version="1.0" encoding="UTF-8"?>
<!-- Generated by org.testng.reporters.JUnitReportReporter -->
<testsuite hostname="Anikets-MacBook-Air.local" failures="0" tests="9" name="runners.RunnerTest" time="183.383" errors="0" timestamp="2025-01-18T20:34:29 IST" skipped="0">
  <testcase classname="runners.RunnerTest" name="runScenario" time="22.106"/>
  <testcase classname="runners.RunnerTest" name="runScenario" time="21.640"/>
  <testcase classname="runners.RunnerTest" name="runScenario" time="12.390"/>
  <testcase classname="runners.RunnerTest" name="runScenario" time="26.465"/>
  <testcase classname="runners.RunnerTest" name="runScenario" time="12.267"/>
  <testcase classname="runners.RunnerTest" name="runScenario" time="30.758"/>
  <testcase classname="runners.RunnerTest" name="runScenario" time="19.929"/>
  <testcase classname="runners.RunnerTest" name="runScenario" time="19.760"/>
  <testcase classname="runners.RunnerTest" name="runScenario" time="18.068"/>
</testsuite> <!-- runners.RunnerTest -->
